[2026-04-27 23:32:16] ============================================================
[2026-04-27 23:32:16] 🚀 全自动漏洞挖掘引擎启动
[2026-04-27 23:32:16] 目标: 从简单Web漏洞开始
[2026-04-27 23:32:16] ============================================================
[2026-04-27 23:32:16] 
============================================================
[2026-04-27 23:32:16] 阶段2: 本地服务扫描
[2026-04-27 23:32:16] ============================================================
[2026-04-27 23:32:16]   本地端口开放: 80 - PORT   STATE SERVICE
80/tcp open  http
[2026-04-27 23:32:17]   本地端口开放: 11235 - PORT      STATE SERVICE
11235/tcp open  xcompute
[2026-04-27 23:32:17]   本地端口开放: 22 - PORT   STATE SERVICE
22/tcp open  ssh
[2026-04-27 23:32:17] ============================================================
[2026-04-27 23:32:17] 阶段1: 扫描简单Web目标
[2026-04-27 23:32:17] ============================================================
[2026-04-27 23:32:17] 扫描目标: 测试站点1 (http://httpbin.org)
[2026-04-27 23:32:29]   发现: http://httpbin.org/robots.txt -> HTTP 200 (30 bytes)
[2026-04-27 23:32:54] 扫描目标: 本地服务 (http://127.0.0.1:11235)
[2026-04-27 23:32:55] 
============================================================
[2026-04-27 23:32:55] 阶段3: 搜索公开信息泄露
[2026-04-27 23:32:55] ============================================================
[2026-04-27 23:32:55]   GitHub搜索: password: "root" language:yaml...
[2026-04-27 23:32:55]   GitHub搜索: api_key: "sk-" language:python...
[2026-04-27 23:32:55] 
============================================================
[2026-04-27 23:32:55] 阶段4: 基础Web漏洞检测
[2026-04-27 23:32:55] ============================================================
[2026-04-27 23:32:56]   https://httpbin.org/get?id=1 -> 200
[2026-04-27 23:32:57]   https://httpbin.org/get?page=1 -> 200
[2026-04-27 23:33:00]   https://httpbin.org/get?cat=1 -> 200
[2026-04-27 23:33:01]   https://httpbin.org/get?id=1' -> 200
[2026-04-27 23:33:01] 
============================================================
[2026-04-27 23:33:01] 🏁 本轮扫描完成
[2026-04-27 23:33:01] 结果保存在: /home/agentuser/bounty_finds/
[2026-04-27 23:33:01] ============================================================
[2026-04-27 23:41:20.756354] ==================================================
[2026-04-27 23:41:20.756398] 漏洞自动挖掘引擎 v2
[2026-04-27 23:41:20.756420] POC数量: 8个
[2026-04-27 23:41:20.756437] ==================================================
[2026-04-27 23:41:20.756463] 搜索可扫描的中文网站...
[2026-04-27 23:41:20.756484] 目标数量: 5
[2026-04-27 23:41:20.756502] 
--- 扫描: 联想SRC (https://www.lenovo.com) ---
[2026-04-27 23:41:47.931564] 
--- 扫描: 联想中国SRC (https://lenovo.com.cn) ---
[2026-04-27 23:41:52.368836] 
--- 扫描: 丁香园SRC (https://www.dxy.cn) ---
[2026-04-27 23:41:53.295174] ✅ [高危] Mina/Monitor 未授权 -> https://www.dxy.cn
[2026-04-27 23:41:53.542314] 
--- 扫描: vivoSRC (https://www.vivo.com) ---
[2026-04-27 23:41:58.108958] 
--- 扫描: OPPOSRC (https://www.oppo.com) ---
[2026-04-27 23:42:07.043717] 
==================================================
[2026-04-27 23:42:07.043773] 扫描完成！共发现 1 个漏洞
[2026-04-27 23:42:07.043796] 结果保存在: /home/agentuser/bounty_finds/
